<?xml version="1.0" encoding="UTF-8"?>
<testsuite xmlns:xsi="http://www.w3.org/2001/XMLSchema-instance" xsi:noNamespaceSchemaLocation="https://maven.apache.org/surefire/maven-surefire-plugin/xsd/surefire-test-report-3.0.xsd" version="3.0" name="currencyexchange.dao.CurrencyDaoTest" time="0.221" tests="1" errors="0" skipped="0" failures="0">
  <properties>
[...]
</properties>
  <testcase name="getCurrencies" classname="currencyexchange.dao.CurrencyDaoTest" time="0.209">
    <system-out><![CDATA[Currency [id= 1, currencyCode= USD, fullName= US Dollar, sign= $]
]]></system-out>
  </testcase>
</testsuite>